<?xml version="1.0" encoding="UTF-8"?>
<!-- Generated by org.testng.reporters.JUnitReportReporter -->
<testsuite skipped="0" hostname="DESKTOP-JCEGEB0" name="com.finexus.productCatalogue.T24_TcScriptingTestNg" tests="1" failures="0" timestamp="2019-12-31T20:41:43 PKT" time="42.844" errors="0">
  <testcase name="testT24_TcScripting" time="42.844" classname="com.finexus.productCatalogue.T24_TcScriptingTestNg"/>
</testsuite> <!-- com.finexus.productCatalogue.T24_TcScriptingTestNg -->
