<?xml version="1.0" encoding="UTF-8"?>
<!-- Generated by org.testng.reporters.JUnitReportReporter -->
<testsuite skipped="0" hostname="DESKTOP-JCEGEB0" name="com.finexus.productCatalogue.T24InputAndAuthroization" tests="1" failures="0" timestamp="2020-01-01T01:19:23 PKT" time="32.420" errors="0">
  <testcase name="testT24InputAndAuthroization" time="32.420" classname="com.finexus.productCatalogue.T24InputAndAuthroization"/>
</testsuite> <!-- com.finexus.productCatalogue.T24InputAndAuthroization -->
