<?xml version="1.0" encoding="UTF-8"?>
<!-- Generated by org.testng.reporters.JUnitReportReporter -->
<testsuite skipped="0" hostname="DESKTOP-JCEGEB0" name="com.finexus.samples.SelectWindowByTitle" tests="1" failures="0" timestamp="2020-01-09T21:42:28 PKT" time="24.428" errors="0">
  <testcase name="testSelectWindowByTitle" time="24.428" classname="com.finexus.samples.SelectWindowByTitle"/>
</testsuite> <!-- com.finexus.samples.SelectWindowByTitle -->
