<?xml version="1.0" encoding="UTF-8"?>
<!-- Generated by org.testng.reporters.JUnitReportReporter -->
<testsuite skipped="0" hostname="DESKTOP-JCEGEB0" name="com.finexus.tests.T24_ProductCatalogue" tests="4" failures="0" timestamp="2020-01-14T17:50:06 PKT" time="185.839" errors="0">
  <testcase name="testT24_ProductCatalogue" time="46.785" classname="com.finexus.tests.T24_ProductCatalogue"/>
  <testcase name="testT24_ProductCatalogue" time="46.216" classname="com.finexus.tests.T24_ProductCatalogue"/>
  <testcase name="testT24_ProductCatalogue" time="46.131" classname="com.finexus.tests.T24_ProductCatalogue"/>
  <testcase name="testT24_ProductCatalogue" time="46.707" classname="com.finexus.tests.T24_ProductCatalogue"/>
</testsuite> <!-- com.finexus.tests.T24_ProductCatalogue -->
