<?xml version="1.0" encoding="UTF-8"?>
<!-- Generated by org.testng.reporters.JUnitReportReporter -->
<testsuite skipped="0" hostname="DESKTOP-JCEGEB0" name="com.finexus.productCatalogue.T24_CommitTheDeal" tests="1" failures="0" timestamp="2020-01-01T01:20:24 PKT" time="52.067" errors="0">
  <testcase name="testT24Tc2Commit" time="52.067" classname="com.finexus.productCatalogue.T24_CommitTheDeal"/>
</testsuite> <!-- com.finexus.productCatalogue.T24_CommitTheDeal -->
