<?xml version="1.0" encoding="UTF-8"?>
<!-- Generated by org.testng.reporters.JUnitReportReporter -->
<testsuite skipped="0" hostname="DESKTOP-JCEGEB0" name="com.finexus.tests.T24_InputAndAuthorization" tests="2" failures="0" timestamp="2020-01-14T17:55:58 PKT" time="82.151" errors="0">
  <testcase name="testT24_InputAndAuthorization" time="40.440" classname="com.finexus.tests.T24_InputAndAuthorization"/>
  <testcase name="testT24_InputAndAuthorization" time="41.711" classname="com.finexus.tests.T24_InputAndAuthorization"/>
</testsuite> <!-- com.finexus.tests.T24_InputAndAuthorization -->
