<?xml version="1.0" encoding="UTF-8"?>
<!-- Generated by org.testng.reporters.JUnitReportReporter -->
<testsuite skipped="1" hostname="DESKTOP-JCEGEB0" name="com.finexus.productCatalogue.T24_InputAndAuthorization" tests="1" failures="0" timestamp="2020-01-03T16:39:53 PKT" time="0.000" errors="0">
  <testcase name="testT24_InputAndAuthorization" time="0.000" classname="com.finexus.productCatalogue.T24_InputAndAuthorization">
    <skipped/>
  </testcase> <!-- testT24_InputAndAuthorization -->
</testsuite> <!-- com.finexus.productCatalogue.T24_InputAndAuthorization -->
