<?xml version="1.0" encoding="UTF-8"?>
<!-- Generated by org.testng.reporters.JUnitReportReporter -->
<testsuite skipped="0" hostname="DESKTOP-JCEGEB0" name="com.finexus.productCatalogue.T24Tc2Commit" tests="1" failures="0" timestamp="2020-01-01T01:08:38 PKT" time="50.979" errors="0">
  <testcase name="testT24Tc2Commit" time="50.979" classname="com.finexus.productCatalogue.T24Tc2Commit"/>
</testsuite> <!-- com.finexus.productCatalogue.T24Tc2Commit -->
